INFO  01:29:10 Application started. Press Ctrl+C to shut down.
INFO  01:29:10 Application started. Press Ctrl+C to shut down.
INFO  01:29:10 Hosting environment: Development
INFO  01:29:10 Hosting environment: Development
INFO  01:29:10 Content root path: C:\Users\Sujoy Basak\source\repos\MFPE\Microservices\AuditSeverityModule
INFO  01:29:10 Content root path: C:\Users\Sujoy Basak\source\repos\MFPE\Microservices\AuditSeverityModule
INFO  01:30:45  Http POST request from AuditSeverity
INFO  01:35:26  Http POST request from AuditSeverity
INFO  01:35:46  Http POST request from AuditSeverity
INFO  01:36:27  Http POST request from AuditSeverity
INFO  05:17:04 Application started. Press Ctrl+C to shut down.
INFO  05:17:04 Application started. Press Ctrl+C to shut down.
INFO  05:17:04 Hosting environment: Development
INFO  05:17:04 Hosting environment: Development
INFO  05:17:04 Content root path: C:\Users\Sujoy Basak\source\repos\MFPE\Microservices\AuditSeverityModule
INFO  05:17:04 Content root path: C:\Users\Sujoy Basak\source\repos\MFPE\Microservices\AuditSeverityModule
INFO  05:19:36  Http POST request from AuditSeverity
INFO  05:20:00  Http POST request from AuditSeverity
INFO  05:20:54  Http POST request from AuditSeverity
INFO  05:23:56 Application started. Press Ctrl+C to shut down.
INFO  05:23:56 Application started. Press Ctrl+C to shut down.
INFO  05:23:56 Hosting environment: Development
INFO  05:23:56 Hosting environment: Development
INFO  05:23:56 Content root path: C:\Users\Sujoy Basak\source\repos\MFPE\Microservices\AuditSeverityModule
INFO  05:23:56 Content root path: C:\Users\Sujoy Basak\source\repos\MFPE\Microservices\AuditSeverityModule
INFO  05:24:10  Http POST request from AuditSeverity
INFO  08:13:15 Application started. Press Ctrl+C to shut down.
INFO  08:13:15 Application started. Press Ctrl+C to shut down.
INFO  08:13:15 Hosting environment: Development
INFO  08:13:15 Hosting environment: Development
INFO  08:13:15 Content root path: C:\Users\Sujoy Basak\source\repos\MFPE\Microservices\AuditSeverityModule
INFO  08:13:15 Content root path: C:\Users\Sujoy Basak\source\repos\MFPE\Microservices\AuditSeverityModule
INFO  08:14:10  Http POST request from AuditSeverity
INFO  09:06:01 Application started. Press Ctrl+C to shut down.
INFO  09:06:01 Application started. Press Ctrl+C to shut down.
INFO  09:06:01 Hosting environment: Development
INFO  09:06:01 Hosting environment: Development
INFO  09:06:01 Content root path: C:\Users\Sujoy Basak\source\repos\MFPE\Microservices\AuditSeverityModule
INFO  09:06:01 Content root path: C:\Users\Sujoy Basak\source\repos\MFPE\Microservices\AuditSeverityModule
INFO  09:20:01 Application started. Press Ctrl+C to shut down.
INFO  09:20:01 Application started. Press Ctrl+C to shut down.
INFO  09:20:01 Hosting environment: Development
INFO  09:20:01 Hosting environment: Development
INFO  09:20:01 Content root path: C:\Users\Sujoy Basak\source\repos\MFPE\Microservices\AuditSeverityModule
INFO  09:20:01 Content root path: C:\Users\Sujoy Basak\source\repos\MFPE\Microservices\AuditSeverityModule
INFO  09:22:41 Application started. Press Ctrl+C to shut down.
INFO  09:22:41 Application started. Press Ctrl+C to shut down.
INFO  09:22:41 Hosting environment: Development
INFO  09:22:41 Hosting environment: Development
INFO  09:22:41 Content root path: C:\Users\Sujoy Basak\source\repos\MFPE\Microservices\AuditSeverityModule
INFO  09:22:41 Content root path: C:\Users\Sujoy Basak\source\repos\MFPE\Microservices\AuditSeverityModule
INFO  10:56:53 Application started. Press Ctrl+C to shut down.
INFO  10:56:53 Application started. Press Ctrl+C to shut down.
INFO  10:56:53 Hosting environment: Development
INFO  10:56:53 Hosting environment: Development
INFO  10:56:53 Content root path: C:\Users\Sujoy Basak\source\repos\MFPE\Microservices\AuditSeverityModule
INFO  10:56:53 Content root path: C:\Users\Sujoy Basak\source\repos\MFPE\Microservices\AuditSeverityModule
INFO  11:00:49  Http POST request from AuditSeverity
INFO  11:01:11  Http POST request from AuditSeverity
INFO  11:01:21  Http POST request from AuditSeverity
INFO  11:02:38 Application started. Press Ctrl+C to shut down.
INFO  11:02:38 Application started. Press Ctrl+C to shut down.
INFO  11:02:38 Hosting environment: Development
INFO  11:02:38 Hosting environment: Development
INFO  11:02:38 Content root path: C:\Users\Sujoy Basak\source\repos\MFPE\Microservices\AuditSeverityModule
INFO  11:02:38 Content root path: C:\Users\Sujoy Basak\source\repos\MFPE\Microservices\AuditSeverityModule
INFO  03:12:16 Application started. Press Ctrl+C to shut down.
INFO  03:12:16 Application started. Press Ctrl+C to shut down.
INFO  03:12:16 Hosting environment: Development
INFO  03:12:16 Hosting environment: Development
INFO  03:12:16 Content root path: C:\Users\Sujoy Basak\source\repos\MFPE\Microservices\AuditSeverityModule
INFO  03:12:16 Content root path: C:\Users\Sujoy Basak\source\repos\MFPE\Microservices\AuditSeverityModule
INFO  05:18:23 Application started. Press Ctrl+C to shut down.
INFO  05:18:23 Application started. Press Ctrl+C to shut down.
INFO  05:18:23 Hosting environment: Development
INFO  05:18:23 Hosting environment: Development
INFO  05:18:23 Content root path: C:\Users\Sujoy Basak\source\repos\MFPE\Microservices\AuditSeverityModule
INFO  05:18:23 Content root path: C:\Users\Sujoy Basak\source\repos\MFPE\Microservices\AuditSeverityModule
INFO  05:44:53  Http POST request from AuditSeverity
INFO  05:47:23  Http POST request from AuditSeverity
INFO  05:47:42  Http POST request from AuditSeverity
INFO  05:47:59  Http POST request from AuditSeverity
INFO  05:54:01  Http POST request from AuditSeverity
INFO  05:57:01  Http POST request from AuditSeverity
INFO  06:00:40  Http POST request from AuditSeverity
INFO  06:03:46  Http POST request from AuditSeverity
INFO  06:05:59  Http POST request from AuditSeverity
INFO  08:26:59 Application started. Press Ctrl+C to shut down.
INFO  08:26:59 Application started. Press Ctrl+C to shut down.
INFO  08:26:59 Hosting environment: Development
INFO  08:26:59 Hosting environment: Development
INFO  08:26:59 Content root path: C:\Users\Sujoy Basak\source\repos\MFPE\Microservices\AuditSeverityModule
INFO  08:26:59 Content root path: C:\Users\Sujoy Basak\source\repos\MFPE\Microservices\AuditSeverityModule
INFO  08:27:34  Http POST request from AuditSeverity
INFO  08:27:49  Http POST request from AuditSeverity
INFO  08:33:23 Application started. Press Ctrl+C to shut down.
INFO  08:33:23 Application started. Press Ctrl+C to shut down.
INFO  08:33:23 Hosting environment: Development
INFO  08:33:23 Hosting environment: Development
INFO  08:33:23 Content root path: C:\Users\Sujoy Basak\source\repos\MFPE\Microservices\AuditSeverityModule
INFO  08:33:23 Content root path: C:\Users\Sujoy Basak\source\repos\MFPE\Microservices\AuditSeverityModule
INFO  08:33:41  Http POST request from AuditSeverity
INFO  09:41:20 Application started. Press Ctrl+C to shut down.
INFO  09:41:20 Application started. Press Ctrl+C to shut down.
INFO  09:41:20 Hosting environment: Development
INFO  09:41:20 Hosting environment: Development
INFO  09:41:20 Content root path: C:\Users\Sujoy Basak\source\repos\MFPE\Microservices\AuditSeverityModule
INFO  09:41:20 Content root path: C:\Users\Sujoy Basak\source\repos\MFPE\Microservices\AuditSeverityModule
INFO  10:07:22 Application started. Press Ctrl+C to shut down.
INFO  10:07:22 Application started. Press Ctrl+C to shut down.
INFO  10:07:22 Hosting environment: Development
INFO  10:07:22 Hosting environment: Development
INFO  10:07:22 Content root path: C:\Users\Sujoy Basak\source\repos\MFPE\Microservices\AuditSeverityModule
INFO  10:07:22 Content root path: C:\Users\Sujoy Basak\source\repos\MFPE\Microservices\AuditSeverityModule
INFO  10:11:32  Http POST request from AuditSeverity
INFO  10:38:10  Http POST request from AuditSeverity
INFO  10:39:02  Http POST request from AuditSeverity
INFO  10:39:21  Http POST request from AuditSeverity
INFO  10:39:54  Http POST request from AuditSeverity
INFO  10:40:20  Http POST request from AuditSeverity
INFO  10:40:34  Http POST request from AuditSeverity
INFO  10:41:34  Http POST request from AuditSeverity
INFO  10:41:44  Http POST request from AuditSeverity
INFO  11:06:13  Http POST request from AuditSeverity
INFO  11:06:50  Http POST request from AuditSeverity
INFO  11:20:41  Http POST request from AuditSeverity
INFO  12:05:26  Http POST request from AuditSeverity
INFO  12:06:46  Http POST request from AuditSeverity
INFO  12:12:21  Http POST request from AuditSeverity
INFO  12:16:45  Http POST request from AuditSeverity
INFO  12:18:49  Http POST request from AuditSeverity
INFO  12:44:54  Http POST request from AuditSeverity
INFO  12:46:04  Http POST request from AuditSeverity
INFO  12:57:17  Http POST request from AuditSeverity
INFO  12:58:17  Http POST request from AuditSeverity
INFO  02:48:51 Application started. Press Ctrl+C to shut down.
INFO  02:48:51 Application started. Press Ctrl+C to shut down.
INFO  02:48:52 Hosting environment: Development
INFO  02:48:52 Hosting environment: Development
INFO  02:48:54 Content root path: C:\Users\Sujoy Basak\source\repos\MFPE\Microservices\AuditSeverityModule
INFO  02:48:54 Content root path: C:\Users\Sujoy Basak\source\repos\MFPE\Microservices\AuditSeverityModule
INFO  02:56:33  Http POST request from AuditSeverity
INFO  02:57:34  Http POST request from AuditSeverity
INFO  03:16:31  Http POST request from AuditSeverity
INFO  03:22:00  Http POST request from AuditSeverity
INFO  03:24:02  Http POST request from AuditSeverity
INFO  05:02:33 Application started. Press Ctrl+C to shut down.
INFO  05:02:33 Application started. Press Ctrl+C to shut down.
INFO  05:02:33 Hosting environment: Development
INFO  05:02:33 Hosting environment: Development
INFO  05:02:33 Content root path: C:\Users\Sujoy Basak\source\repos\MFPE\Microservices\AuditSeverityModule
INFO  05:02:33 Content root path: C:\Users\Sujoy Basak\source\repos\MFPE\Microservices\AuditSeverityModule
INFO  05:02:44  Http POST request from AuditSeverity
INFO  05:02:53  Http POST request from AuditSeverity
INFO  05:03:15  Http POST request from AuditSeverity
INFO  08:03:05 Application started. Press Ctrl+C to shut down.
INFO  08:03:05 Application started. Press Ctrl+C to shut down.
INFO  08:03:05 Hosting environment: Development
INFO  08:03:05 Hosting environment: Development
INFO  08:03:05 Content root path: C:\Users\Sujoy Basak\source\repos\MFPE\Microservices\AuditSeverityModule
INFO  08:03:05 Content root path: C:\Users\Sujoy Basak\source\repos\MFPE\Microservices\AuditSeverityModule
INFO  08:20:13  Http POST request from AuditSeverity
INFO  08:20:32  Http POST request from AuditSeverity
INFO  08:21:02  Http POST request from AuditSeverity
INFO  08:21:14  Http POST request from AuditSeverity
INFO  08:21:24  Http POST request from AuditSeverity
INFO  08:30:42  Http POST request from AuditSeverity
INFO  08:31:16  Http POST request from AuditSeverity
INFO  11:02:51 Application started. Press Ctrl+C to shut down.
INFO  11:02:51 Application started. Press Ctrl+C to shut down.
INFO  11:02:51 Hosting environment: Development
INFO  11:02:51 Hosting environment: Development
INFO  11:02:51 Content root path: C:\Users\Sujoy Basak\source\repos\MFPE\Microservices\AuditSeverityModule
INFO  11:02:51 Content root path: C:\Users\Sujoy Basak\source\repos\MFPE\Microservices\AuditSeverityModule
INFO  11:04:04  Http POST request from AuditSeverity
INFO  11:04:16  Http POST request from AuditSeverity
INFO  11:04:24  Http POST request from AuditSeverity
INFO  11:04:30  Http POST request from AuditSeverity
INFO  10:35:41 Application started. Press Ctrl+C to shut down.
INFO  10:35:41 Application started. Press Ctrl+C to shut down.
INFO  10:35:41 Hosting environment: Development
INFO  10:35:41 Hosting environment: Development
INFO  10:35:41 Content root path: C:\Users\Niharika Reddy\Downloads\Audit Management APIs\Audit Management APIs\AuditSeverityModule\AuditSeverityModule
INFO  10:35:41 Content root path: C:\Users\Niharika Reddy\Downloads\Audit Management APIs\Audit Management APIs\AuditSeverityModule\AuditSeverityModule
INFO  10:37:45  Http POST request from AuditSeverity
INFO  10:43:06  Http POST request from AuditSeverity
INFO  10:43:34  Http POST request from AuditSeverity
INFO  10:43:48  Http POST request from AuditSeverity
INFO  10:44:02  Http POST request from AuditSeverity
INFO  10:44:12  Http POST request from AuditSeverity
INFO  10:44:27  Http POST request from AuditSeverity
INFO  11:34:05  Http POST request from AuditSeverity
INFO  12:08:56  Http POST request from AuditSeverity
INFO  12:17:54  Http POST request from AuditSeverity
INFO  12:30:38  Http POST request from AuditSeverity
INFO  12:31:22  Http POST request from AuditSeverity
INFO  12:31:36  Http POST request from AuditSeverity
INFO  12:31:52  Http POST request from AuditSeverity
INFO  12:32:02  Http POST request from AuditSeverity
INFO  12:32:17  Http POST request from AuditSeverity
INFO  12:45:26  Http POST request from AuditSeverity
INFO  12:45:43  Http POST request from AuditSeverity
INFO  12:45:59  Http POST request from AuditSeverity
INFO  12:46:14  Http POST request from AuditSeverity
INFO  12:46:24  Http POST request from AuditSeverity
INFO  01:06:35  Http POST request from AuditSeverity
INFO  01:13:14  Http POST request from AuditSeverity
INFO  01:13:28  Http POST request from AuditSeverity
INFO  01:21:20  Http POST request from AuditSeverity
INFO  01:24:40  Http POST request from AuditSeverity
INFO  01:30:12  Http POST request from AuditSeverity
INFO  01:40:23  Http POST request from AuditSeverity
INFO  01:40:43  Http POST request from AuditSeverity
INFO  02:01:19  Http POST request from AuditSeverity
INFO  02:03:45  Http POST request from AuditSeverity
INFO  02:05:14  Http POST request from AuditSeverity
